TN:
SF:src\domain\@shared\entity\entity.abstract.ts
FN:10,get id
FN:6,Entity
FNF:2
FNH:0
FNDA:0,get id
FNDA:0,Entity
DA:1,1
DA:2,1
DA:3,1
DA:4,1
DA:5,1
DA:6,1
DA:7,0
DA:8,0
DA:9,1
DA:10,1
DA:11,0
DA:12,0
DA:13,1
LF:13
LH:9
BRF:0
BRH:0
end_of_record
TN:
SF:src\domain\@shared\notification\notification.error.ts
FN:4,NotificationError
FNF:1
FNH:0
FNDA:0,NotificationError
DA:1,1
DA:2,1
DA:3,1
DA:4,1
DA:5,0
DA:6,0
DA:7,0
DA:8,0
DA:9,1
LF:9
LH:5
BRF:0
BRH:0
end_of_record
TN:
SF:src\domain\@shared\notification\notification.ts
FN:9,addError
FN:13,hasErrors
FN:17,getErrors
FN:21,messages
FNF:4
FNH:0
FNDA:0,addError
FNDA:0,hasErrors
FNDA:0,getErrors
FNDA:0,messages
DA:1,1
DA:2,1
DA:3,1
DA:4,1
DA:5,1
DA:6,1
DA:7,1
DA:8,1
DA:9,1
DA:10,0
DA:11,0
DA:12,1
DA:13,1
DA:14,0
DA:15,0
DA:16,1
DA:17,1
DA:18,0
DA:19,0
DA:20,1
DA:21,1
DA:22,0
DA:23,0
DA:24,0
DA:25,0
DA:26,0
DA:27,0
DA:28,0
DA:29,0
DA:30,1
LF:30
LH:16
BRF:0
BRH:0
end_of_record
TN:
SF:src\domain\customer\entity\customer.spec.ts
FNF:0
FNH:0
DA:1,1
DA:2,1
DA:3,1
DA:4,1
DA:5,1
DA:6,1
DA:7,1
DA:8,1
DA:9,1
DA:10,1
DA:11,1
DA:12,1
DA:13,1
DA:14,1
DA:15,1
DA:16,1
DA:17,1
DA:18,1
DA:19,1
DA:20,1
DA:21,1
DA:22,1
DA:23,1
DA:24,1
DA:25,1
DA:26,1
DA:27,1
DA:28,1
DA:29,1
DA:30,1
DA:31,1
DA:32,1
DA:33,1
DA:34,1
DA:35,1
DA:36,1
DA:37,1
DA:38,1
DA:39,1
DA:40,1
DA:41,1
DA:42,1
DA:43,1
DA:44,1
DA:45,1
DA:46,1
DA:47,1
DA:48,1
DA:49,1
DA:50,1
DA:51,1
DA:52,1
DA:53,1
DA:54,1
DA:55,1
DA:56,1
DA:57,1
DA:58,1
DA:59,1
DA:60,1
DA:61,1
DA:62,1
DA:63,1
DA:64,1
DA:65,1
DA:66,1
DA:67,1
DA:68,1
DA:69,1
LF:69
LH:69
BRF:0
BRH:0
end_of_record
TN:
SF:src\domain\customer\entity\customer.ts
FN:22,get name
FN:26,get rewardPoints
FN:30,validate
FN:34,changeName
FN:39,get Address
FN:43,changeAddress
FN:47,isActive
FN:51,activate
FN:58,deactivate
FN:62,addRewardPoints
FN:66,set Address
FN:12,Customer
FNF:12
FNH:0
FNDA:0,get name
FNDA:0,get rewardPoints
FNDA:0,validate
FNDA:0,changeName
FNDA:0,get Address
FNDA:0,changeAddress
FNDA:0,isActive
FNDA:0,activate
FNDA:0,deactivate
FNDA:0,addRewardPoints
FNDA:0,set Address
FNDA:0,Customer
DA:1,1
DA:2,1
DA:3,1
DA:4,1
DA:5,1
DA:6,1
DA:7,1
DA:8,1
DA:9,1
DA:10,1
DA:11,1
DA:12,1
DA:13,0
DA:14,0
DA:15,0
DA:16,0
DA:17,0
DA:18,0
DA:19,0
DA:20,0
DA:21,1
DA:22,1
DA:23,0
DA:24,0
DA:25,1
DA:26,1
DA:27,0
DA:28,0
DA:29,1
DA:30,1
DA:31,0
DA:32,0
DA:33,1
DA:34,1
DA:35,0
DA:36,0
DA:37,0
DA:38,1
DA:39,1
DA:40,0
DA:41,0
DA:42,1
DA:43,1
DA:44,0
DA:45,0
DA:46,1
DA:47,1
DA:48,0
DA:49,0
DA:50,1
DA:51,1
DA:52,0
DA:53,0
DA:54,0
DA:55,0
DA:56,0
DA:57,1
DA:58,1
DA:59,0
DA:60,0
DA:61,1
DA:62,1
DA:63,0
DA:64,0
DA:65,1
DA:66,1
DA:67,0
DA:68,0
DA:69,1
LF:69
LH:35
BRF:0
BRH:0
end_of_record
TN:
SF:src\domain\customer\factory\customer.factory.ts
FN:6,create
FN:10,createWithAddress
FNF:2
FNH:0
FNDA:0,create
FNDA:0,createWithAddress
DA:1,1
DA:2,1
DA:3,1
DA:4,1
DA:5,1
DA:6,1
DA:7,0
DA:8,0
DA:9,1
DA:10,1
DA:11,0
DA:12,0
DA:13,0
DA:14,0
DA:15,1
LF:15
LH:9
BRF:0
BRH:0
end_of_record
TN:
SF:src\domain\customer\factory\customer.validator.factory.ts
FN:6,create
FNF:1
FNH:0
FNDA:0,create
DA:1,1
DA:2,1
DA:3,1
DA:4,1
DA:5,1
DA:6,1
DA:7,0
DA:8,0
DA:9,1
LF:9
LH:7
BRF:0
BRH:0
end_of_record
TN:
SF:src\domain\customer\validator\customer.yup.validator.ts
FN:8,validate
FNF:1
FNH:0
FNDA:0,validate
DA:1,1
DA:2,1
DA:3,1
DA:4,1
DA:5,1
DA:6,1
DA:7,1
DA:8,1
DA:9,0
DA:10,0
DA:11,0
DA:12,0
DA:13,0
DA:14,0
DA:15,0
DA:16,0
DA:17,0
DA:18,0
DA:19,0
DA:20,0
DA:21,0
DA:22,0
DA:23,0
DA:24,0
DA:25,0
DA:26,0
DA:27,0
DA:28,0
DA:29,0
DA:30,0
DA:31,0
DA:32,0
DA:33,0
DA:34,0
DA:35,1
LF:35
LH:9
BRF:0
BRH:0
end_of_record
TN:
SF:src\domain\customer\value-object\address.ts
FN:16,get street
FN:20,get number
FN:24,get zip
FN:28,get city
FN:32,validate
FN:47,toString
FN:7,Address
FNF:7
FNH:0
FNDA:0,get street
FNDA:0,get number
FNDA:0,get zip
FNDA:0,get city
FNDA:0,validate
FNDA:0,toString
FNDA:0,Address
DA:1,1
DA:2,1
DA:3,1
DA:4,1
DA:5,1
DA:6,1
DA:7,1
DA:8,0
DA:9,0
DA:10,0
DA:11,0
DA:12,0
DA:13,0
DA:14,0
DA:15,1
DA:16,1
DA:17,0
DA:18,0
DA:19,1
DA:20,1
DA:21,0
DA:22,0
DA:23,1
DA:24,1
DA:25,0
DA:26,0
DA:27,1
DA:28,1
DA:29,0
DA:30,0
DA:31,1
DA:32,1
DA:33,0
DA:34,0
DA:35,0
DA:36,0
DA:37,0
DA:38,0
DA:39,0
DA:40,0
DA:41,0
DA:42,0
DA:43,0
DA:44,0
DA:45,0
DA:46,1
DA:47,1
DA:48,0
DA:49,0
DA:50,1
LF:50
LH:20
BRF:0
BRH:0
end_of_record
TN:
SF:src\domain\product\entity\product.ts
FN:15,get id
FN:19,get name
FN:23,get price
FN:27,changeName
FN:32,changePrice
FN:37,toJSON
FN:45,validate
FN:8,Product
FNF:8
FNH:5
FNDA:1,get id
FNDA:1,get name
FNDA:1,get price
FNDA:0,changeName
FNDA:0,changePrice
FNDA:0,toJSON
FNDA:1,validate
FNDA:1,Product
DA:1,1
DA:2,1
DA:3,1
DA:4,1
DA:5,1
DA:6,1
DA:7,1
DA:8,1
DA:9,1
DA:10,1
DA:11,1
DA:12,1
DA:13,1
DA:14,1
DA:15,1
DA:16,1
DA:17,1
DA:18,1
DA:19,1
DA:20,1
DA:21,1
DA:22,1
DA:23,1
DA:24,1
DA:25,1
DA:26,1
DA:27,1
DA:28,0
DA:29,0
DA:30,0
DA:31,1
DA:32,1
DA:33,0
DA:34,0
DA:35,0
DA:36,1
DA:37,1
DA:38,0
DA:39,0
DA:40,0
DA:41,0
DA:42,0
DA:43,0
DA:44,1
DA:45,1
DA:46,1
DA:47,0
DA:48,0
DA:49,1
DA:50,0
DA:51,0
DA:52,1
DA:53,0
DA:54,0
DA:55,1
DA:56,1
DA:57,1
LF:57
LH:39
BRDA:15,0,0,1
BRDA:19,1,0,1
BRDA:23,2,0,1
BRDA:45,3,0,1
BRDA:46,4,0,0
BRDA:49,5,0,0
BRDA:52,6,0,0
BRDA:8,7,0,1
BRF:8
BRH:5
end_of_record
TN:
SF:src\domain\product\factory\product.factory.ts
FN:11,create
FNF:1
FNH:1
FNDA:1,create
DA:1,1
DA:2,1
DA:3,1
DA:4,1
DA:5,1
DA:6,1
DA:7,1
DA:8,1
DA:9,1
DA:10,1
DA:11,1
DA:12,1
DA:13,1
DA:14,1
DA:15,1
DA:16,1
DA:17,1
DA:18,1
LF:18
LH:18
BRDA:11,0,0,1
BRF:1
BRH:1
end_of_record
TN:
SF:src\infrastructure\api\express.ts
FN:14,setupDb
FNF:1
FNH:1
FNDA:1,setupDb
DA:1,1
DA:2,1
DA:3,1
DA:4,1
DA:5,1
DA:6,1
DA:7,1
DA:8,1
DA:9,1
DA:10,1
DA:11,1
DA:12,1
DA:13,1
DA:14,1
DA:15,1
DA:16,1
DA:17,1
DA:18,1
DA:19,1
DA:20,1
DA:21,1
DA:22,1
DA:23,1
LF:23
LH:23
BRDA:14,0,0,1
BRF:1
BRH:1
end_of_record
TN:
SF:src\infrastructure\api\presenters\customer.presenter.ts
FN:5,listXML
FNF:1
FNH:0
FNDA:0,listXML
DA:1,1
DA:2,1
DA:3,1
DA:4,1
DA:5,1
DA:6,0
DA:7,0
DA:8,0
DA:9,0
DA:10,0
DA:11,0
DA:12,0
DA:13,0
DA:14,0
DA:15,0
DA:16,0
DA:17,0
DA:18,0
DA:19,0
DA:20,0
DA:21,0
DA:22,0
DA:23,0
DA:24,0
DA:25,0
DA:26,0
DA:27,0
DA:28,0
DA:29,0
DA:30,0
DA:31,1
LF:31
LH:6
BRF:0
BRH:0
end_of_record
TN:
SF:src\infrastructure\api\routes\customer.route.ts
FNF:0
FNH:0
DA:1,1
DA:2,1
DA:3,1
DA:4,1
DA:5,1
DA:6,1
DA:7,1
DA:8,1
DA:9,1
DA:10,0
DA:11,0
DA:12,0
DA:13,0
DA:14,0
DA:15,0
DA:16,0
DA:17,0
DA:18,0
DA:19,0
DA:20,0
DA:21,0
DA:22,0
DA:23,0
DA:24,0
DA:25,0
DA:26,1
DA:27,1
DA:28,1
DA:29,0
DA:30,0
DA:31,0
DA:32,0
DA:33,0
DA:34,0
DA:35,0
DA:36,1
LF:36
LH:13
BRF:0
BRH:0
end_of_record
TN:
SF:src\infrastructure\api\routes\product.route.ts
FNF:0
FNH:0
DA:1,1
DA:2,1
DA:3,1
DA:4,1
DA:5,1
DA:6,1
DA:7,1
DA:8,1
DA:9,1
DA:10,1
DA:11,1
DA:12,1
DA:13,1
DA:14,1
DA:15,1
DA:16,1
DA:17,1
DA:18,1
DA:19,1
DA:20,1
DA:21,1
DA:22,1
DA:23,1
DA:24,0
DA:25,0
DA:26,1
DA:27,1
DA:28,1
DA:29,1
DA:30,1
DA:31,1
DA:32,0
DA:33,0
DA:34,0
DA:35,0
DA:36,0
DA:37,0
DA:38,0
DA:39,0
DA:40,0
DA:41,1
LF:41
LH:30
BRDA:12,0,0,1
BRDA:23,1,0,0
BRF:2
BRH:1
end_of_record
TN:
SF:src\infrastructure\customer\repository\sequelize\customer.model.ts
FNF:0
FNH:0
DA:1,1
DA:2,1
DA:3,1
DA:4,1
DA:5,1
DA:6,1
DA:7,1
DA:8,1
DA:9,1
DA:10,1
DA:11,1
DA:12,1
DA:13,1
DA:14,1
DA:15,1
DA:16,1
DA:17,1
DA:18,1
DA:19,1
DA:20,1
DA:21,1
DA:22,1
DA:23,1
DA:24,1
DA:25,1
DA:26,1
DA:27,1
DA:28,1
DA:29,1
DA:30,1
DA:31,1
DA:32,1
DA:33,1
DA:34,1
DA:35,1
DA:36,1
DA:37,1
LF:37
LH:37
BRDA:17,0,0,0
BRF:1
BRH:0
end_of_record
TN:
SF:src\infrastructure\customer\repository\sequelize\customer.repository.ts
FN:7,create
FN:20,update
FN:39,find
FN:63,findAll
FNF:4
FNH:0
FNDA:0,create
FNDA:0,update
FNDA:0,find
FNDA:0,findAll
DA:1,1
DA:2,1
DA:3,1
DA:4,1
DA:5,1
DA:6,1
DA:7,1
DA:8,0
DA:9,0
DA:10,0
DA:11,0
DA:12,0
DA:13,0
DA:14,0
DA:15,0
DA:16,0
DA:17,0
DA:18,0
DA:19,1
DA:20,1
DA:21,0
DA:22,0
DA:23,0
DA:24,0
DA:25,0
DA:26,0
DA:27,0
DA:28,0
DA:29,0
DA:30,0
DA:31,0
DA:32,0
DA:33,0
DA:34,0
DA:35,0
DA:36,0
DA:37,0
DA:38,1
DA:39,1
DA:40,0
DA:41,0
DA:42,0
DA:43,0
DA:44,0
DA:45,0
DA:46,0
DA:47,0
DA:48,0
DA:49,0
DA:50,0
DA:51,0
DA:52,0
DA:53,0
DA:54,0
DA:55,0
DA:56,0
DA:57,0
DA:58,0
DA:59,0
DA:60,0
DA:61,0
DA:62,1
DA:63,1
DA:64,0
DA:65,0
DA:66,0
DA:67,0
DA:68,0
DA:69,0
DA:70,0
DA:71,0
DA:72,0
DA:73,0
DA:74,0
DA:75,0
DA:76,0
DA:77,0
DA:78,0
DA:79,0
DA:80,0
DA:81,0
DA:82,0
DA:83,0
DA:84,1
LF:84
LH:14
BRF:0
BRH:0
end_of_record
TN:
SF:src\infrastructure\product\repository\sequelize\product.model.ts
FNF:0
FNH:0
DA:1,1
DA:2,1
DA:3,1
DA:4,1
DA:5,1
DA:6,1
DA:7,1
DA:8,1
DA:9,1
DA:10,1
DA:11,1
DA:12,1
DA:13,1
DA:14,1
DA:15,1
DA:16,1
DA:17,1
LF:17
LH:17
BRDA:12,0,0,0
BRF:1
BRH:0
end_of_record
TN:
SF:src\infrastructure\product\repository\sequelize\product.repository.ts
FN:6,create
FN:14,update
FN:28,find
FN:33,findAll
FNF:4
FNH:1
FNDA:1,create
FNDA:0,update
FNDA:0,find
FNDA:0,findAll
DA:1,1
DA:2,1
DA:3,1
DA:4,1
DA:5,1
DA:6,1
DA:7,1
DA:8,1
DA:9,1
DA:10,1
DA:11,1
DA:12,1
DA:13,1
DA:14,1
DA:15,0
DA:16,0
DA:17,0
DA:18,0
DA:19,0
DA:20,0
DA:21,0
DA:22,0
DA:23,0
DA:24,0
DA:25,0
DA:26,0
DA:27,1
DA:28,1
DA:29,0
DA:30,0
DA:31,0
DA:32,1
DA:33,1
DA:34,0
DA:35,0
DA:36,0
DA:37,0
DA:38,0
DA:39,1
LF:39
LH:19
BRDA:6,0,0,1
BRF:1
BRH:1
end_of_record
TN:
SF:src\usecase\customer\create\create.customer.usecase.ts
FN:17,execute
FN:13,CreateCustomerUseCase
FNF:2
FNH:0
FNDA:0,execute
FNDA:0,CreateCustomerUseCase
DA:1,1
DA:2,1
DA:3,1
DA:4,1
DA:5,1
DA:6,1
DA:7,1
DA:8,1
DA:9,1
DA:10,1
DA:11,1
DA:12,1
DA:13,1
DA:14,0
DA:15,0
DA:16,1
DA:17,1
DA:18,0
DA:19,0
DA:20,0
DA:21,0
DA:22,0
DA:23,0
DA:24,0
DA:25,0
DA:26,0
DA:27,0
DA:28,0
DA:29,0
DA:30,0
DA:31,0
DA:32,0
DA:33,0
DA:34,0
DA:35,0
DA:36,0
DA:37,0
DA:38,0
DA:39,0
DA:40,0
DA:41,0
DA:42,0
DA:43,1
LF:43
LH:16
BRF:0
BRH:0
end_of_record
TN:
SF:src\usecase\customer\find\find.customer.unit.spec.ts
FNF:0
FNH:0
DA:1,2
DA:2,2
DA:3,2
DA:4,2
DA:5,2
DA:6,2
DA:7,2
DA:8,2
DA:9,2
DA:10,2
DA:11,2
DA:12,2
DA:13,2
DA:14,2
DA:15,2
DA:16,2
DA:17,2
DA:18,2
DA:19,2
DA:20,2
DA:21,2
DA:22,2
DA:23,2
DA:24,2
DA:25,2
DA:26,2
DA:27,2
DA:28,2
DA:29,2
DA:30,2
DA:31,2
DA:32,2
DA:33,2
DA:34,2
DA:35,2
DA:36,2
DA:37,2
DA:38,2
DA:39,2
DA:40,2
DA:41,2
DA:42,2
DA:43,2
DA:44,2
DA:45,2
DA:46,2
DA:47,2
DA:48,2
DA:49,2
DA:50,2
DA:51,2
DA:52,2
DA:53,2
DA:54,2
DA:55,2
DA:56,2
DA:57,2
DA:58,2
DA:59,2
DA:60,2
DA:61,2
LF:61
LH:61
BRF:0
BRH:0
end_of_record
TN:
SF:src\usecase\customer\list\list.customer.usecase.ts
FN:14,execute
FN:10,ListCustomerUseCase
FN:21,toOutput
FNF:3
FNH:0
FNDA:0,execute
FNDA:0,ListCustomerUseCase
FNDA:0,toOutput
DA:1,1
DA:2,1
DA:3,1
DA:4,1
DA:5,1
DA:6,1
DA:7,1
DA:8,1
DA:9,1
DA:10,1
DA:11,0
DA:12,0
DA:13,1
DA:14,1
DA:15,0
DA:16,0
DA:17,0
DA:18,1
DA:19,1
DA:20,1
DA:21,1
DA:22,0
DA:23,0
DA:24,0
DA:25,0
DA:26,0
DA:27,0
DA:28,0
DA:29,0
DA:30,0
DA:31,0
DA:32,0
DA:33,0
DA:34,0
DA:35,1
LF:35
LH:17
BRF:0
BRH:0
end_of_record
TN:
SF:src\usecase\product\create\create.product.usecase.ts
FN:12,execute
FN:8,CreateProductUseCase
FNF:2
FNH:2
FNDA:1,execute
FNDA:1,CreateProductUseCase
DA:1,1
DA:2,1
DA:3,1
DA:4,1
DA:5,1
DA:6,1
DA:7,1
DA:8,1
DA:9,1
DA:10,1
DA:11,1
DA:12,1
DA:13,1
DA:14,1
DA:15,1
DA:16,1
DA:17,1
DA:18,0
DA:19,0
DA:20,0
DA:21,0
DA:22,0
DA:23,0
DA:24,0
DA:25,0
DA:26,0
DA:27,1
LF:27
LH:18
BRDA:12,0,0,1
BRDA:18,1,0,0
BRDA:8,2,0,1
BRF:3
BRH:2
end_of_record
TN:
SF:src\usecase\product\list\list.product.usecase.ts
FN:11,execute
FN:7,ListProductsUseCase
FNF:2
FNH:0
FNDA:0,execute
FNDA:0,ListProductsUseCase
DA:1,1
DA:2,1
DA:3,1
DA:4,1
DA:5,1
DA:6,1
DA:7,1
DA:8,0
DA:9,0
DA:10,1
DA:11,1
DA:12,0
DA:13,0
DA:14,0
DA:15,0
DA:16,0
DA:17,0
DA:18,0
DA:19,0
DA:20,1
LF:20
LH:10
BRF:0
BRH:0
end_of_record
